SignApp/app/build/intermediates/manifest_merge_blame_file/debug/manifest-merger-blame-debug-report.txt
1<?xml version="1.0" encoding="utf-8"?>
2<manifest xmlns:android="http://schemas.android.com/apk/res/android"
3    package="com.example.signapp"
4    android:versionCode="1"
5    android:versionName="1.0" >
6
7    <uses-sdk
8        android:minSdkVersion="23"
8-->src\main\AndroidManifest.xml
9        android:targetSdkVersion="28" />
9-->src\main\AndroidManifest.xml
10
11    <application
11-->src\main\AndroidManifest.xml:5:5-33:19
12        android:allowBackup="true"
12-->src\main\AndroidManifest.xml:6:9-35
13        android:appComponentFactory="androidx.core.app.CoreComponentFactory"
13-->[androidx.core:core:1.0.1] AndroidManifest.xml:22:18-86
14        android:debuggable="true"
15        android:icon="@mipmap/ic_launcher"
15-->src\main\AndroidManifest.xml:7:9-43
16        android:label="@string/app_name"
16-->src\main\AndroidManifest.xml:8:9-41
17        android:roundIcon="@mipmap/ic_launcher_round"
17-->src\main\AndroidManifest.xml:9:9-54
18        android:supportsRtl="true"
18-->src\main\AndroidManifest.xml:10:9-35
19        android:testOnly="true"
20        android:theme="@style/AppTheme" >
20-->src\main\AndroidManifest.xml:11:9-40
21        <activity
21-->src\main\AndroidManifest.xml:12:9-18:20
22            android:name="com.example.signapp.Profile"
22-->src\main\AndroidManifest.xml:12:19-42
23            android:parentActivityName="com.example.signapp.MainActivity" >
23-->src\main\AndroidManifest.xml:13:13-55
24            <meta-data
24-->src\main\AndroidManifest.xml:15:13-17:49
25                android:name="android.support.PARENT_ACTIVITY"
25-->src\main\AndroidManifest.xml:16:17-63
26                android:value=".MainActivity" />
26-->src\main\AndroidManifest.xml:17:17-46
27        </activity>
28        <activity
28-->src\main\AndroidManifest.xml:19:9-25:20
29            android:name="com.example.signapp.Register"
29-->src\main\AndroidManifest.xml:19:19-43
30            android:parentActivityName="com.example.signapp.MainActivity" >
30-->src\main\AndroidManifest.xml:20:13-55
31            <meta-data
31-->src\main\AndroidManifest.xml:15:13-17:49
32                android:name="android.support.PARENT_ACTIVITY"
32-->src\main\AndroidManifest.xml:16:17-63
33                android:value=".MainActivity" />
33-->src\main\AndroidManifest.xml:17:17-46
34        </activity>
35        <activity android:name="com.example.signapp.MainActivity" >
35-->src\main\AndroidManifest.xml:26:9-32:20
35-->src\main\AndroidManifest.xml:26:19-47
36            <intent-filter>
36-->src\main\AndroidManifest.xml:27:13-31:29
37                <action android:name="android.intent.action.MAIN" />
37-->src\main\AndroidManifest.xml:28:17-69
37-->src\main\AndroidManifest.xml:28:25-66
38
39                <category android:name="android.intent.category.LAUNCHER" />
39-->src\main\AndroidManifest.xml:30:17-77
39-->src\main\AndroidManifest.xml:30:27-74
40            </intent-filter>
41        </activity>
42    </application>
43
44</manifest>